MPASM 5.77  /HOME/GUS/MPLABXPROJECTS/ATV_MC_   3-26-2025  20:34:10         PAGE  1


LOC  OBJECT CODE     LINE SOURCE TEXT
  VALUE

                      00001 ;* * * * * * * * * * * * * * * * * * * * * * * * * * * * * * * * * *
                      00002 ;*              MODIFICAÇÕES PARA USO COM 12F675                   *
                      00003 ;*                FEITAS PELO PROF. MARDSON                        *
                      00004 ;*                     Março DE 2025                              *
                      00005 ;* * * * * * * * * * * * * * * * * * * * * * * * * * * * * * * * * *
                      00006 
                      00007 ;* * * * * * * * * * * * * * * * * * * * * * * * * * * * * * * * * *
                      00008 ;*                       NOME DO PROJETO                           *
                      00009 ;*                           CLIENTE                               *
                      00010 ;*         DESENVOLVIDO PELA MOSAICO ENGENHARIA E CONSULTORIA      *
                      00011 ;*   VERSÃO: 1.0                           DATA: 17/06/03          *
                      00012 ;* * * * * * * * * * * * * * * * * * * * * * * * * * * * * * * * * *
                      00013 ;*                     DESCRIÇÃO DO ARQUIVO                        *
                      00014 ;*-----------------------------------------------------------------*
                      00015 ;*   MODELO PARA O PIC 12F675                                      *
                      00016 ;*                                                                 *
                      00017 ;*                                                                 *
                      00018 ;* * * * * * * * * * * * * * * * * * * * * * * * * * * * * * * * * *
                      00019 
                      00020 ;* * * * * * * * * * * * * * * * * * * * * * * * * * * * * * * * * *
                      00021 ;*                     ARQUIVOS DE DEFINIÇÕES                      *
                      00022 ;* * * * * * * * * * * * * * * * * * * * * * * * * * * * * * * * * *
                      00023 #INCLUDE <p12f675.inc>  ;ARQUIVO PADRÃO MICROCHIP PARA 12F675
                      00001         LIST
                      00002 
                      00003 ;==========================================================================
                      00004 ; Build date : Nov 22 2017
                      00005 ;  MPASM PIC12F675 processor include
                      00006 ; 
                      00007 ;  (c) Copyright 1999-2017 Microchip Technology, All rights reserved
                      00008 ;==========================================================================
                      00009 
                      00367         LIST
                      00024 
2007   3FA4           00025         __CONFIG _BODEN_OFF & _CP_OFF & _PWRTE_ON & _WDT_OFF & _MCLRE_ON & _INTRC_OSC_NOCLKOUT
                      00026 
                      00027 ;* * * * * * * * * * * * * * * * * * * * * * * * * * * * * * * * * *
                      00028 ;*                    PAGINAÇÃO DE MEMÓRIA                         *
                      00029 ;* * * * * * * * * * * * * * * * * * * * * * * * * * * * * * * * * *
                      00030 ;DEFINIÇÃO DE COMANDOS DE USUÁRIO PARA ALTERAÇÃO DA PÁGINA DE MEMÓRIA
                      00031 #DEFINE BANK0   BCF STATUS,RP0  ;SETA BANK 0 DE MEMÓRIA
                      00032 #DEFINE BANK1   BSF STATUS,RP0  ;SETA BANK 1 DE MAMÓRIA
                      00033 
                      00034 ;* * * * * * * * * * * * * * * * * * * * * * * * * * * * * * * * * *
                      00035 ;*                         VARIÁVEIS                               *
                      00036 ;* * * * * * * * * * * * * * * * * * * * * * * * * * * * * * * * * *
                      00037 ; DEFINIÇÃO DOS NOMES E ENDEREÇOS DE TODAS AS VARIÁVEIS UTILIZADAS 
                      00038 ; PELO SISTEMA
                      00039 
                      00040         CBLOCK  0x20    ;ENDEREÇO INICIAL DA MEMÓRIA DE
                      00041                                         ;USUÁRIO
  00000020            00042                 W_TEMP          ;REGISTRADORES TEMPORÁRIOS PARA USO
  00000021            00043                 STATUS_TEMP     ;JUNTO ÀS INTERRUPÇÕES
MPASM 5.77  /HOME/GUS/MPLABXPROJECTS/ATV_MC_   3-26-2025  20:34:10         PAGE  2


LOC  OBJECT CODE     LINE SOURCE TEXT
  VALUE

  00000022            00044                 DADO            ;ARMAZENA O DADO PARA A EEPROM
  00000023            00045                 CONV_COUNTER
  00000024            00046                 LAST_ALT_AVG
  00000025            00047                 ALT_AVG_H
  00000026            00048                 ALT_AVG_L
  00000027            00049                 TIMER_COUNTER
                      00050 
                      00051                 ;NOVAS VARIÁVEIS
                      00052 
                      00053         ENDC                    ;FIM DO BLOCO DE MEMÓRIA
                      00054 ;* * * * * * * * * * * * * * * * * * * * * * * * * * * * * * * * * *
                      00055 ;*                        FLAGS INTERNOS                           *
                      00056 ;* * * * * * * * * * * * * * * * * * * * * * * * * * * * * * * * * *
                      00057 ; DEFINIÇÃO DE TODOS OS FLAGS UTILIZADOS PELO SISTEMA
                      00058 
                      00059 ;* * * * * * * * * * * * * * * * * * * * * * * * * * * * * * * * * *
                      00060 ;*                         CONSTANTES                              *
                      00061 ;* * * * * * * * * * * * * * * * * * * * * * * * * * * * * * * * * *
                      00062 ; DEFINIÇÃO DE TODAS AS CONSTANTES UTILIZADAS PELO SISTEMA
                      00063 ; INICIALIZAÇÃO DA EEPROM, DE ACORDO COM A DESCRIÇÃO NO ARQUIVO "Def_Rega_Formigas.inc"
                      00064 
                      00065 ;* * * * * * * * * * * * * * * * * * * * * * * * * * * * * * * * * *
                      00066 ;*                           ENTRADAS                              *
                      00067 ;* * * * * * * * * * * * * * * * * * * * * * * * * * * * * * * * * *
                      00068 ; DEFINIÇÃO DE TODOS OS PINOS QUE SERÃO UTILIZADOS COMO ENTRADA
                      00069 ; RECOMENDAMOS TAMBÉM COMENTAR O SIGNIFICADO DE SEUS ESTADOS (0 E 1)
                      00070 
                      00071 ;* * * * * * * * * * * * * * * * * * * * * * * * * * * * * * * * * *
                      00072 ;*                           SAÍDAS                                *
                      00073 ;* * * * * * * * * * * * * * * * * * * * * * * * * * * * * * * * * *
                      00074 ; DEFINIÇÃO DE TODOS OS PINOS QUE SERÃO UTILIZADOS COMO SAÍDA
                      00075 ; RECOMENDAMOS TAMBÉM COMENTAR O SIGNIFICADO DE SEUS ESTADOS (0 E 1)
                      00076 
                      00077 ;* * * * * * * * * * * * * * * * * * * * * * * * * * * * * * * * * *
                      00078 ;*                       VETOR DE RESET                            *
                      00079 ;* * * * * * * * * * * * * * * * * * * * * * * * * * * * * * * * * *
                      00080 
0000                  00081         ORG     0x00                    ;ENDEREÇO INICIAL DE PROCESSAMENTO
0000   2838           00082         GOTO    INICIO
                      00083         
                      00084 ;* * * * * * * * * * * * * * * * * * * * * * * * * * * * * * * * * *
                      00085 ;*                    INÍCIO DA INTERRUPÇÃO                        *
                      00086 ;* * * * * * * * * * * * * * * * * * * * * * * * * * * * * * * * * *
                      00087 ; ENDEREÇO DE DESVIO DAS INTERRUPÇÕES. A PRIMEIRA TAREFA É SALVAR OS
                      00088 ; VALORES DE "W" E "STATUS" PARA RECUPERAÇÃO FUTURA
                      00089 
0004                  00090         ORG     0x04                    ;ENDEREÇO INICIAL DA INTERRUPÇÃO
0004   00A0           00091         MOVWF   W_TEMP          ;COPIA W PARA W_TEMP
0005   0E03           00092         SWAPF   STATUS,W
0006   00A1           00093         MOVWF   STATUS_TEMP     ;COPIA STATUS PARA STATUS_TEMP
                      00094         
0007   1F0C           00095         BTFSS   PIR1, ADIF      ; Verifica se a interrupção foi do ADC (ADIF=1?)
0008   2811           00096         GOTO    TIMER1_INT      ; Se não foi, vai para tratamento do Timer1
MPASM 5.77  /HOME/GUS/MPLABXPROJECTS/ATV_MC_   3-26-2025  20:34:10         PAGE  3


LOC  OBJECT CODE     LINE SOURCE TEXT
  VALUE

                      00097     
0009                  00098 AC_CONV_INT                     ; Rotina de tratamento da interrupção do ADC
Message[305]: Using default destination of 1 (file).
0009   0AA3           00099         INCF    CONV_COUNTER    ; Incrementa o contador de conversões
000A   081E           00100         MOVFW   ADRESH          ; Move o resultado alto do ADC para W
Message[305]: Using default destination of 1 (file).
000B   07A6           00101         ADDWF   ALT_AVG_L       ; Soma ao acumulador baixo de altitude
                      00102     
000C   1803           00103         BTFSC   STATUS, C       ; Verifica se houve carry na soma
Message[305]: Using default destination of 1 (file).
000D   0AA5           00104         INCF    ALT_AVG_H       ; Se houve, incrementa o acumulador alto
                      00105     
000E   130C           00106         BCF     PIR1, ADIF      ; Limpa o flag de interrupção do ADC
000F   149F           00107         BSF     ADCON0, GO      ; Inicia nova conversão A/D
                      00108     
0010   281A           00109         GOTO    SAI_INT         ; Sai da interrupção
                      00110     
0011                  00111 TIMER1_INT                      ; Rotina de tratamento da interrupção do Timer1
0011   1010           00112         BCF     T1CON, TMR1ON   ; Desliga o Timer1
                      00113 
0012   300B           00114         MOVLW   B'00001011'     ; Valor para recarregar TMR1H (high byte)
0013   008F           00115         MOVWF   TMR1H           ; Configura os 8 bits mais significativos
                      00116 
0014   30DC           00117         MOVLW   B'11011100'     ; Valor para recarregar TMR1L (low byte)
0015   008E           00118         MOVWF   TMR1L           ; Configura os 8 bits menos significativos
                      00119 
0016   303D           00120         MOVLW   B'00111101'     ; Configuração do Timer1:
                      00121                                 ; - Clock interno
                      00122                                 ; - Prescaler 1:8
                      00123                                 ; - Timer ligado
0017   0090           00124         MOVWF   T1CON           ; Aplica a configuração
                      00125 
0018   100C           00126         BCF     PIR1, TMR1IF    ; Limpa o flag de interrupção do Timer1
                      00127     
Message[305]: Using default destination of 1 (file).
0019   0AA7           00128         INCF    TIMER_COUNTER   ; Incrementa o contador de tempo
                      00129     
                      00130 ;* * * * * * * * * * * * * * * * * * * * * * * * * * * * * * * * * *
                      00131 ;*                    ROTINA DE INTERRUPÇÃO                        *
                      00132 ;* * * * * * * * * * * * * * * * * * * * * * * * * * * * * * * * * *
                      00133 ; AQUI SERÃO ESCRITAS AS ROTINAS DE RECONHECIMENTO E TRATAMENTO DAS
                      00134 ; INTERRUPÇÕES
                      00135 
                      00136 ;* * * * * * * * * * * * * * * * * * * * * * * * * * * * * * * * * *
                      00137 ;*                 ROTINA DE SAÍDA DA INTERRUPÇÃO                  *
                      00138 ;* * * * * * * * * * * * * * * * * * * * * * * * * * * * * * * * * *
                      00139 ; OS VALORES DE "W" E "STATUS" DEVEM SER RECUPERADOS ANTES DE 
                      00140 ; RETORNAR DA INTERRUPÇÃO
                      00141 
001A                  00142 SAI_INT
001A   0E21           00143         SWAPF   STATUS_TEMP,W
001B   0083           00144         MOVWF   STATUS          ;MOVE STATUS_TEMP PARA STATUS
001C   0EA0           00145         SWAPF   W_TEMP,F
MPASM 5.77  /HOME/GUS/MPLABXPROJECTS/ATV_MC_   3-26-2025  20:34:10         PAGE  4


LOC  OBJECT CODE     LINE SOURCE TEXT
  VALUE

001D   0E20           00146         SWAPF   W_TEMP,W        ;MOVE W_TEMP PARA W
001E   0009           00147         RETFIE
                      00148 
                      00149 ;* * * * * * * * * * * * * * * * * * * * * * * * * * * * * * * * * *
                      00150 ;*                       ROTINAS E SUBROTINAS                      *
                      00151 ;* * * * * * * * * * * * * * * * * * * * * * * * * * * * * * * * * *
                      00152 ; CADA ROTINA OU SUBROTINA DEVE POSSUIR A DESCRIÇÃO DE FUNCIONAMENTO
                      00153 ; E UM NOME COERENTE ÀS SUAS FUNÇÕES.
001F                  00154 LE_EEPROM
                      00155 ;LER DADO DA EEPROM, CUJO ENDEREÇO É INDICADO EM W
                      00156 ;O DADO LIDO RETORNA EM W
001F   397F           00157         ANDLW   .127            ;LIMITA ENDEREÇO MAX. 127
0020   1683           00158         BANK1                           ;ACESSO VIA BANK 1
Message[302]: Register in operand not in bank 0.  Ensure that bank bits are correct.
0021   009B           00159         MOVWF   EEADR           ;INDICA O END. DE LEITURA
Message[302]: Register in operand not in bank 0.  Ensure that bank bits are correct.
0022   141C           00160         BSF             EECON1,RD       ;INICIA O PROCESSO DE LEITURA
Message[302]: Register in operand not in bank 0.  Ensure that bank bits are correct.
0023   081A           00161         MOVF    EEDATA,W        ;COLOCA DADO LIDO EM W
0024   1283           00162         BANK0                           ;POSICIONA PARA BANK 0
0025   0008           00163         RETURN
                      00164 
0026                  00165 GRAVA_EEPROM
                      00166 ;ESCREVE UM DADO NA EEPROM, CUJO ENDEREÇO É INDICADO EM W
                      00167 ;O DADO A SER ESCRITO DEVE ESTAR ARMAZENADO NA VARIÁVEL DADO
0026   397F           00168         ANDLW   .127            ;LIMITA ENDEREÇO MAX. 127
0027   1683           00169         BANK1                           ;ACESSO VIA BANK 1
Message[302]: Register in operand not in bank 0.  Ensure that bank bits are correct.
0028   009B           00170         MOVWF   EEADR
0029   0822           00171         MOVF    DADO,W
Message[302]: Register in operand not in bank 0.  Ensure that bank bits are correct.
002A   009A           00172         MOVWF   EEDATA
Message[302]: Register in operand not in bank 0.  Ensure that bank bits are correct.
002B   151C           00173         BSF             EECON1,WREN ;HABILITA ESCRITA
002C   138B           00174         BCF             INTCON,GIE      ;DESLIGA INTERRUPÇÕES
002D   3055           00175         MOVLW   B'01010101'     ;DESBLOQUEIA ESCRITA
Message[302]: Register in operand not in bank 0.  Ensure that bank bits are correct.
002E   009D           00176         MOVWF   EECON2          ;
002F   30AA           00177         MOVLW   B'10101010'     ;DESBLOQUEIA ESCRITA
Message[302]: Register in operand not in bank 0.  Ensure that bank bits are correct.
0030   009D           00178         MOVWF   EECON2          ;
Message[302]: Register in operand not in bank 0.  Ensure that bank bits are correct.
0031   149C           00179         BSF             EECON1,WR ;INICIA A ESCRITA
0032                  00180 AGUARDA
Message[302]: Register in operand not in bank 0.  Ensure that bank bits are correct.
0032   189C           00181         BTFSC   EECON1,WR ;TERMINOU?
0033   2832           00182         GOTO    AGUARDA
0034   178B           00183         BSF             INTCON,GIE ;HABILITA INTERRUPÇÕES
0035   1283           00184         BANK0                           ;POSICIONA PARA BANK 0
0036   0008           00185         RETURN
                      00186 
0037                  00187 SUBROTINA1
                      00188 
MPASM 5.77  /HOME/GUS/MPLABXPROJECTS/ATV_MC_   3-26-2025  20:34:10         PAGE  5


LOC  OBJECT CODE     LINE SOURCE TEXT
  VALUE

                      00189         ;CORPO DA ROTINA
                      00190 
0037   0008           00191         RETURN
                      00192 
                      00193 ;* * * * * * * * * * * * * * * * * * * * * * * * * * * * * * * * * *
                      00194 ;*                     INICIO DO PROGRAMA                          *
                      00195 ;* * * * * * * * * * * * * * * * * * * * * * * * * * * * * * * * * *
                      00196         
0038                  00197 INICIO
0038   1683           00198         BANK1                           ;ALTERA PARA O BANCO 1
0039   3005           00199         MOVLW   B'00000101' ;CONFIGURA TODAS AS PORTAS DO GPIO (PINOS)
Message[302]: Register in operand not in bank 0.  Ensure that bank bits are correct.
003A   0085           00200         MOVWF   TRISIO          ;COMO SAÍDAS
003B   3014           00201         MOVLW   B'00010100'
Message[302]: Register in operand not in bank 0.  Ensure that bank bits are correct.
003C   009F           00202         MOVWF   ANSEL           ;DEFINE PORTAS COMO Digital I/O
003D   3004           00203         MOVLW   B'00000100'
Message[302]: Register in operand not in bank 0.  Ensure that bank bits are correct.
003E   0081           00204         MOVWF   OPTION_REG      ;DEFINE OPÇÕES DE OPERAÇÃO
003F   30C0           00205         MOVLW   B'11000000'
0040   008B           00206         MOVWF   INTCON          ;DEFINE OPÇÕES DE INTERRUPÇÕES
0041   3041           00207         MOVLW   B'01000001'
Message[302]: Register in operand not in bank 0.  Ensure that bank bits are correct.
0042   008C           00208         MOVWF   PIE1
0043   3001           00209         MOVLW   B'00000001'
Message[302]: Register in operand not in bank 0.  Ensure that bank bits are correct.
0044   0095           00210         MOVWF   WPU
0045   1283           00211         BANK0                           ;RETORNA PARA O BANCO
0046   3007           00212         MOVLW   B'00000111'
0047   0099           00213         MOVWF   CMCON           ;DEFINE O MODO DE OPERAÇÃO DO COMPARADOR ANALÓGICO
0048   3009           00214         MOVLW   B'00001001'
0049   009F           00215         MOVWF   ADCON0
004A   303C           00216         MOVLW   B'00111100'     ;Configura o TIMER1
004B   0090           00217         MOVWF   T1CON
                      00218 
                      00219 ;* * * * * * * * * * * * * * * * * * * * * * * * * * * * * * * * * *
                      00220 ;*                     INICIALIZAÇÃO DAS VARIÁVEIS                 *
                      00221 ;* * * * * * * * * * * * * * * * * * * * * * * * * * * * * * * * * *
                      00222 
                      00223 ;* * * * * * * * * * * * * * * * * * * * * * * * * * * * * * * * * *
                      00224 ;*                     ROTINA PRINCIPAL                            *
                      00225 ;* * * * * * * * * * * * * * * * * * * * * * * * * * * * * * * * * *
004C                  00226 MAIN
004C   01A3           00227     CLRF    CONV_COUNTER        ; Limpa o contador de conversões
004D   01A4           00228     CLRF    LAST_ALT_AVG        ; Limpa o último valor médio de altitude
004E   01A7           00229     CLRF    TIMER_COUNTER       ; Limpa o contador do timer
004F   019E           00230     CLRF    ADRESH              ; Limpa o registro alto do resultado ADC
                      00231     
0050                  00232 INIT_LOOP
0050   1805           00233     BTFSC   GPIO, GP0           ; Verifica se o pino GP0 está em nível baixo
0051   2850           00234     GOTO    INIT_LOOP           ; Se não estiver, continua no loop
                      00235     
0052   149F           00236     BSF     ADCON0, GO          ; C.C Inicia a conversão A/D
MPASM 5.77  /HOME/GUS/MPLABXPROJECTS/ATV_MC_   3-26-2025  20:34:10         PAGE  6


LOC  OBJECT CODE     LINE SOURCE TEXT
  VALUE

                      00237     
0053                  00238 LOW_LOOP
0053   3005           00239     MOVLW   .5                  ; Carrega 5 em W (referente aos 10 metros)
0054   021E           00240     SUBWF   ADRESH, W           ; Subtrai W de ADRESH
0055   1C03           00241     BTFSS   STATUS, C           ; Verifica se o resultado é negativo (C=0)
0056   2853           00242     GOTO    LOW_LOOP            ; Se for, continua no loop
                      00243                               
0057   01A5           00244     CLRF    ALT_AVG_H           ; Limpa a parte alta da média de altitude
0058   01A6           00245     CLRF    ALT_AVG_L           ; Limpa a parte baixa da média de altitude
                      00246     
0059                  00247 RESET_AVG
0059   0826           00248     MOVFW   ALT_AVG_L           ; Move ALT_AVG_L para W
005A   00A4           00249     MOVWF   LAST_ALT_AVG        ; Armazena em LAST_ALT_AVG (última média)
005B   01A5           00250     CLRF    ALT_AVG_H           ; Limpa a parte alta da média
005C   01A6           00251     CLRF    ALT_AVG_L           ; Limpa a parte baixa da média
005D   01A3           00252     CLRF    CONV_COUNTER        ; Zera o contador de conversões
005E   149F           00253     BSF     ADCON0, GO          ; Inicia nova conversão A/D
                      00254     
005F                  00255 AVG_LOOP
005F   3020           00256     MOVLW   .32                 ; Carrega 32 em W (número de amostras)
0060   0223           00257     SUBWF   CONV_COUNTER, W     ; Subtrai do contador de conversões
0061   1D03           00258     BTFSS   STATUS, Z           ; Verifica se já atingiu 32 amostras
0062   285F           00259     GOTO    AVG_LOOP            ; Se não, continua no loop
                      00260     
0063   109F           00261     BCF     ADCON0, GO          ; Para a conversão A/D
                      00262     
0064                  00263 AVG_CALC
0064   1003           00264     BCF     STATUS, C           ; Limpa o bit de carry
                      00265     
                      00266     ; Realiza 5 rotações à direita (divide por 32) no valor acumulado
Message[305]: Using default destination of 1 (file).
0065   0CA5           00267     RRF     ALT_AVG_H           ; Rotaciona a parte alta
Message[305]: Using default destination of 1 (file).
0066   0CA6           00268     RRF     ALT_AVG_L           ; Rotaciona a parte baixa
Message[305]: Using default destination of 1 (file).
0067   0CA5           00269     RRF     ALT_AVG_H
Message[305]: Using default destination of 1 (file).
0068   0CA6           00270     RRF     ALT_AVG_L
Message[305]: Using default destination of 1 (file).
0069   0CA5           00271     RRF     ALT_AVG_H
Message[305]: Using default destination of 1 (file).
006A   0CA6           00272     RRF     ALT_AVG_L
Message[305]: Using default destination of 1 (file).
006B   0CA5           00273     RRF     ALT_AVG_H
Message[305]: Using default destination of 1 (file).
006C   0CA6           00274     RRF     ALT_AVG_L
Message[305]: Using default destination of 1 (file).
006D   0CA5           00275     RRF     ALT_AVG_H
Message[305]: Using default destination of 1 (file).
006E   0CA6           00276     RRF     ALT_AVG_L
                      00277     
006F   0824           00278     MOVFW   LAST_ALT_AVG        ; Carrega última média em W
0070   0226           00279     SUBWF   ALT_AVG_L, W        ; Subtrai da média atual
MPASM 5.77  /HOME/GUS/MPLABXPROJECTS/ATV_MC_   3-26-2025  20:34:10         PAGE  7


LOC  OBJECT CODE     LINE SOURCE TEXT
  VALUE

0071   1803           00280     BTFSC   STATUS, C           ; Verifica se a média atual é menor
0072   2859           00281     GOTO    RESET_AVG           ; Se não for, reinicia o cálculo
                      00282     
0073                  00283 CONFIG_TIMER1
0073   300B           00284     MOVLW   B'00001011'         ; Valor para TMR1H (timer 1 high byte)
0074   008F           00285     MOVWF   TMR1H               ; Configura os 8 bits mais significativos
                      00286     
0075   30DC           00287     MOVLW   B'11011100'         ; Valor para TMR1L (timer 1 low byte)
0076   008E           00288     MOVWF   TMR1L               ; Configura os 8 bits menos significativos
                      00289     
0077   303C           00290     MOVLW   B'00111100'         ; Configuração do Timer1
0078   0090           00291     MOVWF   T1CON               ; Habilita com prescaler 1:8
                      00292     
0079   1410           00293     BSF     T1CON, TMR1ON       ; Liga o Timer1
                      00294     
                      00295     
007A                  00296 GRAVA_APOGEU
007A   0824           00297     MOVFW   LAST_ALT_AVG        ; Carrega o último valor médio válido
007B   00A2           00298     MOVWF   DADO                ; Armazena em DADO
007C   3013           00299     MOVLW   0x13                ; Endereço 0x13 da EEPROM
007D   2026           00300     CALL    GRAVA_EEPROM        ; Chama rotina para gravar na EEPROM
                      00301     
007E                  00302 WAIT_5S
007E   300A           00303     MOVLW   .10                 ; Contador para esperar ~5 segundos
007F   0227           00304     SUBWF   TIMER_COUNTER, W    ; Verifica se já atingiu
0080   1D03           00305     BTFSS   STATUS, Z           ; Se zero, tempo atingido
0081   287E           00306     GOTO    WAIT_5S             ; Se não, continua esperando
                      00307     
0082   1485           00308     BSF     GPIO, GP1           ; Ativa saída GP1 (aciona paraquedas)
0083   01A7           00309     CLRF    TIMER_COUNTER       ; Zera o contador novamente
                      00310     
0084                  00311 OPEN_CHUTE
0084   3004           00312     MOVLW   .4                  ; Tempo para manter paraquedas aberto
0085   0227           00313     SUBWF   TIMER_COUNTER, W    ; Verifica se já atingiu
0086   1D03           00314     BTFSS   STATUS, Z           ; Se zero, tempo atingido
0087   2884           00315     GOTO    OPEN_CHUTE          ; Se não, continua esperando
                      00316     
0088   1085           00317     BCF     GPIO, GP1           ; Desativa saída GP1 (fecha paraquedas)
0089   1010           00318     BCF     T1CON, TMR1ON       ; Desliga o Timer1
008A   109F           00319     BCF     ADCON0, GO          ; Garante que conversão A/D está desligada
                      00320         
008B                  00321 FIM
008B   288B           00322         GOTO FIM
                      00323 
                      00324 ;* * * * * * * * * * * * * * * * * * * * * * * * * * * * * * * * * *
                      00325 ;*                       FIM DO PROGRAMA                           *
                      00326 ;* * * * * * * * * * * * * * * * * * * * * * * * * * * * * * * * * *
                      00327 
                      00328         END
MPASM 5.77  /HOME/GUS/MPLABXPROJECTS/ATV_MC_   3-26-2025  20:34:10         PAGE  8


SYMBOL TABLE
  LABEL                             VALUE 

AC_CONV_INT                       00000009
ADCON0                            0000001F
ADCS0                             00000004
ADCS1                             00000005
ADCS2                             00000006
ADFM                              00000007
ADIE                              00000006
ADIF                              00000006
ADON                              00000000
ADRESH                            0000001E
ADRESL                            0000009E
AGUARDA                           00000032
ALT_AVG_H                         00000025
ALT_AVG_L                         00000026
ANS0                              00000000
ANS1                              00000001
ANS2                              00000002
ANS3                              00000003
ANSEL                             0000009F
AVG_CALC                          00000064
AVG_LOOP                          0000005F
BANK0                             BCF STATUS,RP0
BANK1                             BSF STATUS,RP0
C                                 00000000
CAL0                              00000002
CAL1                              00000003
CAL2                              00000004
CAL3                              00000005
CAL4                              00000006
CAL5                              00000007
CHS0                              00000002
CHS1                              00000003
CINV                              00000004
CIS                               00000003
CM0                               00000000
CM1                               00000001
CM2                               00000002
CMCON                             00000019
CMIE                              00000003
CMIF                              00000003
CONFIG_TIMER1                     00000073
CONV_COUNTER                      00000023
COUT                              00000006
DADO                              00000022
DC                                00000001
EEADR                             0000009B
EECON1                            0000009C
EECON2                            0000009D
EEDAT                             0000009A
EEDATA                            0000009A
EEIE                              00000007
EEIF                              00000007
F                                 00000001
MPASM 5.77  /HOME/GUS/MPLABXPROJECTS/ATV_MC_   3-26-2025  20:34:10         PAGE  9


SYMBOL TABLE
  LABEL                             VALUE 

FIM                               0000008B
FSR                               00000004
GIE                               00000007
GO                                00000001
GO_DONE                           00000001
GO_NOT_DONE                       00000001
GP0                               00000000
GP1                               00000001
GP2                               00000002
GP3                               00000003
GP4                               00000004
GP5                               00000005
GPIE                              00000003
GPIF                              00000000
GPIO                              00000005
GPIO0                             00000000
GPIO1                             00000001
GPIO2                             00000002
GPIO3                             00000003
GPIO4                             00000004
GPIO5                             00000005
GRAVA_APOGEU                      0000007A
GRAVA_EEPROM                      00000026
INDF                              00000000
INICIO                            00000038
INIT_LOOP                         00000050
INTCON                            0000000B
INTE                              00000004
INTEDG                            00000006
INTF                              00000001
IOC                               00000096
IOC0                              00000000
IOC1                              00000001
IOC2                              00000002
IOC3                              00000003
IOC4                              00000004
IOC5                              00000005
IOCB                              00000096
IOCB0                             00000000
IOCB1                             00000001
IOCB2                             00000002
IOCB3                             00000003
IOCB4                             00000004
IOCB5                             00000005
IRP                               00000007
LAST_ALT_AVG                      00000024
LE_EEPROM                         0000001F
LOW_LOOP                          00000053
MAIN                              0000004C
NOT_BOD                           00000000
NOT_BOR                           00000000
NOT_DONE                          00000001
NOT_GPPU                          00000007
MPASM 5.77  /HOME/GUS/MPLABXPROJECTS/ATV_MC_   3-26-2025  20:34:10         PAGE 10


SYMBOL TABLE
  LABEL                             VALUE 

NOT_PD                            00000003
NOT_POR                           00000001
NOT_T1SYNC                        00000002
NOT_TO                            00000004
OPEN_CHUTE                        00000084
OPTION_REG                        00000081
OSCCAL                            00000090
PCL                               00000002
PCLATH                            0000000A
PCON                              0000008E
PEIE                              00000006
PIE1                              0000008C
PIR1                              0000000C
PS0                               00000000
PS1                               00000001
PS2                               00000002
PSA                               00000003
RD                                00000000
RESET_AVG                         00000059
RP0                               00000005
RP1                               00000006
SAI_INT                           0000001A
STATUS                            00000003
STATUS_TEMP                       00000021
SUBROTINA1                        00000037
T0CS                              00000005
T0IE                              00000005
T0IF                              00000002
T0SE                              00000004
T1CKPS0                           00000004
T1CKPS1                           00000005
T1CON                             00000010
T1IE                              00000000
T1IF                              00000000
T1OSCEN                           00000003
TIMER1_INT                        00000011
TIMER_COUNTER                     00000027
TMR0                              00000001
TMR0IE                            00000005
TMR0IF                            00000002
TMR1                              0000000E
TMR1CS                            00000001
TMR1GE                            00000006
TMR1H                             0000000F
TMR1IE                            00000000
TMR1IF                            00000000
TMR1L                             0000000E
TMR1ON                            00000000
TRISIO                            00000085
TRISIO0                           00000000
TRISIO1                           00000001
TRISIO2                           00000002
TRISIO3                           00000003
MPASM 5.77  /HOME/GUS/MPLABXPROJECTS/ATV_MC_   3-26-2025  20:34:10         PAGE 11


SYMBOL TABLE
  LABEL                             VALUE 

TRISIO4                           00000004
TRISIO5                           00000005
VCFG                              00000006
VR0                               00000000
VR1                               00000001
VR2                               00000002
VR3                               00000003
VRCON                             00000099
VREN                              00000007
VRR                               00000005
W                                 00000000
WAIT_5S                           0000007E
WPU                               00000095
WPU0                              00000000
WPU1                              00000001
WPU2                              00000002
WPU4                              00000004
WPU5                              00000005
WR                                00000001
WREN                              00000002
WRERR                             00000003
W_TEMP                            00000020
Z                                 00000002
_BODEN_OFF                        00003FBF
_BODEN_ON                         00003FFF
_BOREN_OFF                        00003FBF
_BOREN_ON                         00003FFF
_CONFIG                           00002007
_CPD_OFF                          00003FFF
_CPD_ON                           00003EFF
_CP_OFF                           00003FFF
_CP_ON                            00003F7F
_DEVID1                           00002006
_EC_OSC                           00003FFB
_EXTRC_OSC_CLKOUT                 00003FFF
_EXTRC_OSC_NOCLKOUT               00003FFE
_FOSC_EC                          00003FFB
_FOSC_EXTRCCLK                    00003FFF
_FOSC_EXTRCIO                     00003FFE
_FOSC_HS                          00003FFA
_FOSC_INTRCCLK                    00003FFD
_FOSC_INTRCIO                     00003FFC
_FOSC_LP                          00003FF8
_FOSC_XT                          00003FF9
_HS_OSC                           00003FFA
_IDLOC0                           00002000
_IDLOC1                           00002001
_IDLOC2                           00002002
_IDLOC3                           00002003
_INTRC_OSC_CLKOUT                 00003FFD
_INTRC_OSC_NOCLKOUT               00003FFC
_LP_OSC                           00003FF8
_MCLRE_OFF                        00003FDF
MPASM 5.77  /HOME/GUS/MPLABXPROJECTS/ATV_MC_   3-26-2025  20:34:10         PAGE 12


SYMBOL TABLE
  LABEL                             VALUE 

_MCLRE_ON                         00003FFF
_PWRTE_OFF                        00003FFF
_PWRTE_ON                         00003FEF
_WDTE_OFF                         00003FF7
_WDTE_ON                          00003FFF
_WDT_OFF                          00003FF7
_WDT_ON                           00003FFF
_XT_OSC                           00003FF9
__12F675                          00000001
__DEBUG                           
__MPLAB_DEBUGGER_SIMULATOR        1


MEMORY USAGE MAP ('X' = Used,  '-' = Unused)

0000 : X---XXXXXXXXXXXX XXXXXXXXXXXXXXXX XXXXXXXXXXXXXXXX XXXXXXXXXXXXXXXX
0040 : XXXXXXXXXXXXXXXX XXXXXXXXXXXXXXXX XXXXXXXXXXXXXXXX XXXXXXXXXXXXXXXX
0080 : XXXXXXXXXXXX---- ---------------- ---------------- ----------------
2000 : -------X-------- ---------------- ---------------- ----------------

All other memory blocks unused.

Program Memory Words Used:   137
Program Memory Words Free:   887


Errors   :     0
Warnings :     0 reported,     0 suppressed
Messages :    29 reported,     0 suppressed

